app/build/outputs/logs/manifest-merger-debug-report.txt
-- Merging decision tree log ---
manifest
ADDED from src\main\AndroidManifest.xml:2:1-138:12
	package
		ADDED from src\main\AndroidManifest.xml:3:5-41
		INJECTED from src\main\AndroidManifest.xml
		INJECTED from src\main\AndroidManifest.xml
	android:versionName
		ADDED from src\main\AndroidManifest.xml:5:5-31
		INJECTED from src\main\AndroidManifest.xml
		INJECTED from src\main\AndroidManifest.xml
	android:versionCode
		ADDED from src\main\AndroidManifest.xml:4:5-29
		INJECTED from src\main\AndroidManifest.xml
		INJECTED from src\main\AndroidManifest.xml
	xmlns:android
		ADDED from src\main\AndroidManifest.xml:2:11-69
	android:installLocation
		ADDED from src\main\AndroidManifest.xml:6:5-35
supports-screens
ADDED from src\main\AndroidManifest.xml:9:5-164
	android:largeScreens
		ADDED from src\main\AndroidManifest.xml:9:52-79
	android:smallScreens
		ADDED from src\main\AndroidManifest.xml:9:109-136
	android:normalScreens
		ADDED from src\main\AndroidManifest.xml:9:80-108
	android:xlargeScreens
		ADDED from src\main\AndroidManifest.xml:9:23-51
	android:anyDensity
		ADDED from src\main\AndroidManifest.xml:9:137-162
uses-permission#android.permission.WRITE_EXTERNAL_STORAGE
ADDED from src\main\AndroidManifest.xml:11:5-80
	android:name
		ADDED from src\main\AndroidManifest.xml:11:22-78
uses-permission#android.permission.CAMERA
ADDED from src\main\AndroidManifest.xml:12:5-65
	android:name
		ADDED from src\main\AndroidManifest.xml:12:22-62
uses-permission#android.permission.RECORD_AUDIO
ADDED from src\main\AndroidManifest.xml:13:5-71
	android:name
		ADDED from src\main\AndroidManifest.xml:13:22-68
uses-permission#android.permission.ACCESS_FINE_LOCATION
ADDED from src\main\AndroidManifest.xml:14:5-79
	android:name
		ADDED from src\main\AndroidManifest.xml:14:22-76
uses-permission#android.permission.FLASHLIGHT
ADDED from src\main\AndroidManifest.xml:15:5-68
	android:name
		ADDED from src\main\AndroidManifest.xml:15:22-66
uses-feature#android.hardware.camera
ADDED from src\main\AndroidManifest.xml:16:5-60
	android:name
		ADDED from src\main\AndroidManifest.xml:16:19-57
uses-feature#android.hardware.camera2.full
ADDED from src\main\AndroidManifest.xml:17:5-66
	android:name
		ADDED from src\main\AndroidManifest.xml:17:19-63
uses-feature#android.hardware.microphone
ADDED from src\main\AndroidManifest.xml:18:5-64
	android:name
		ADDED from src\main\AndroidManifest.xml:18:19-61
uses-feature#android.hardware.camera.any
ADDED from src\main\AndroidManifest.xml:20:5-64
	android:name
		ADDED from src\main\AndroidManifest.xml:20:19-61
uses-feature#android.hardware.camera.autofocus
ADDED from src\main\AndroidManifest.xml:21:5-70
	android:name
		ADDED from src\main\AndroidManifest.xml:21:19-67
application
ADDED from src\main\AndroidManifest.xml:23:5-137:19
MERGED from [com.android.support:design:24.2.0] AndroidManifest.xml:22:5-20
MERGED from [com.android.support:appcompat-v7:24.2.0] AndroidManifest.xml:25:5-20
MERGED from [com.android.support:animated-vector-drawable:24.2.0] AndroidManifest.xml:22:5-20
MERGED from [com.android.support:support-vector-drawable:24.2.0] AndroidManifest.xml:23:5-20
MERGED from [CherryCam:library:unspecified] AndroidManifest.xml:9:5-20
MERGED from [com.android.support:support-v4:24.2.0] AndroidManifest.xml:25:5-20
MERGED from [com.android.support:support-fragment:24.2.0] AndroidManifest.xml:25:5-20
MERGED from [com.android.support:support-core-utils:24.2.0] AndroidManifest.xml:25:5-20
MERGED from [com.android.support:support-media-compat:24.2.0] AndroidManifest.xml:25:5-20
MERGED from [com.android.support:support-core-ui:24.2.0] AndroidManifest.xml:25:5-20
MERGED from [com.android.support:support-compat:24.2.0] AndroidManifest.xml:25:5-20
	android:label
		ADDED from src\main\AndroidManifest.xml:26:9-41
	android:allowBackup
		ADDED from src\main\AndroidManifest.xml:24:9-35
	android:icon
		ADDED from src\main\AndroidManifest.xml:25:9-43
	android:largeHeap
		ADDED from src\main\AndroidManifest.xml:28:9-33
	android:theme
		ADDED from src\main\AndroidManifest.xml:27:9-59
activity#net.sourceforge.opencamera.MainActivity
ADDED from src\main\AndroidManifest.xml:31:9-68:20
	android:clearTaskOnLaunch
		ADDED from src\main\AndroidManifest.xml:36:4-36
	android:screenOrientation
		ADDED from src\main\AndroidManifest.xml:34:13-49
	android:label
		ADDED from src\main\AndroidManifest.xml:33:13-45
	android:configChanges
		ADDED from src\main\AndroidManifest.xml:35:4-65
	android:name
		ADDED from src\main\AndroidManifest.xml:32:13-67
intent-filter#android.intent.action.MAIN+android.intent.category.DEFAULT+android.intent.category.LAUNCHER
ADDED from src\main\AndroidManifest.xml:39:13-43:29
action#android.intent.action.MAIN
ADDED from src\main\AndroidManifest.xml:40:17-69
	android:name
		ADDED from src\main\AndroidManifest.xml:40:25-66
category#android.intent.category.LAUNCHER
ADDED from src\main\AndroidManifest.xml:41:17-77
	android:name
		ADDED from src\main\AndroidManifest.xml:41:27-74
category#android.intent.category.DEFAULT
ADDED from src\main\AndroidManifest.xml:42:17-75
	android:name
		ADDED from src\main\AndroidManifest.xml:42:27-73
intent-filter#android.intent.category.DEFAULT+android.media.action.IMAGE_CAPTURE
ADDED from src\main\AndroidManifest.xml:44:13-47:29
action#android.media.action.IMAGE_CAPTURE
ADDED from src\main\AndroidManifest.xml:45:17-77
	android:name
		ADDED from src\main\AndroidManifest.xml:45:25-74
intent-filter#android.intent.category.DEFAULT+android.media.action.IMAGE_CAPTURE_SECURE
ADDED from src\main\AndroidManifest.xml:48:13-51:29
action#android.media.action.IMAGE_CAPTURE_SECURE
ADDED from src\main\AndroidManifest.xml:49:17-84
	android:name
		ADDED from src\main\AndroidManifest.xml:49:25-81
intent-filter#android.intent.category.DEFAULT+android.media.action.STILL_IMAGE_CAMERA
ADDED from src\main\AndroidManifest.xml:52:13-55:29
action#android.media.action.STILL_IMAGE_CAMERA
ADDED from src\main\AndroidManifest.xml:53:17-82
	android:name
		ADDED from src\main\AndroidManifest.xml:53:25-79
intent-filter#android.intent.category.DEFAULT+android.media.action.STILL_IMAGE_CAMERA_SECURE
ADDED from src\main\AndroidManifest.xml:56:13-59:29
action#android.media.action.STILL_IMAGE_CAMERA_SECURE
ADDED from src\main\AndroidManifest.xml:57:17-89
	android:name
		ADDED from src\main\AndroidManifest.xml:57:25-86
intent-filter#android.intent.category.DEFAULT+android.media.action.VIDEO_CAMERA
ADDED from src\main\AndroidManifest.xml:60:13-63:29
action#android.media.action.VIDEO_CAMERA
ADDED from src\main\AndroidManifest.xml:61:17-76
	android:name
		ADDED from src\main\AndroidManifest.xml:61:25-73
intent-filter#android.intent.category.DEFAULT+android.media.action.VIDEO_CAPTURE
ADDED from src\main\AndroidManifest.xml:64:4-67:20
action#android.media.action.VIDEO_CAPTURE
ADDED from src\main\AndroidManifest.xml:65:5-64
	android:name
		ADDED from src\main\AndroidManifest.xml:65:13-62
activity#net.sourceforge.opencamera.TakePhoto
ADDED from src\main\AndroidManifest.xml:70:9-79:20
	android:screenOrientation
		ADDED from src\main\AndroidManifest.xml:74:13-49
	android:label
		ADDED from src\main\AndroidManifest.xml:72:13-47
	android:excludeFromRecents
		ADDED from src\main\AndroidManifest.xml:77:4-37
	android:configChanges
		ADDED from src\main\AndroidManifest.xml:75:4-65
	android:icon
		ADDED from src\main\AndroidManifest.xml:73:10-57
	android:taskAffinity
		ADDED from src\main\AndroidManifest.xml:76:4-27
	android:name
		ADDED from src\main\AndroidManifest.xml:71:13-37
receiver#net.sourceforge.opencamera.MyWidgetProvider
ADDED from src\main\AndroidManifest.xml:81:9-94:14
	android:label
		ADDED from src\main\AndroidManifest.xml:83:7-39
	android:icon
		ADDED from src\main\AndroidManifest.xml:82:7-41
	android:name
		ADDED from src\main\AndroidManifest.xml:84:7-38
intent-filter#android.appwidget.action.APPWIDGET_UPDATE
ADDED from src\main\AndroidManifest.xml:85:7-87:23
action#android.appwidget.action.APPWIDGET_UPDATE
ADDED from src\main\AndroidManifest.xml:86:12-79
	android:name
		ADDED from src\main\AndroidManifest.xml:86:20-76
meta-data#android.appwidget.provider
ADDED from src\main\AndroidManifest.xml:91:7-93:48
	android:resource
		ADDED from src\main\AndroidManifest.xml:93:10-45
	android:name
		ADDED from src\main\AndroidManifest.xml:92:10-51
receiver#net.sourceforge.opencamera.MyWidgetProviderTakePhoto
ADDED from src\main\AndroidManifest.xml:96:9-106:14
	android:label
		ADDED from src\main\AndroidManifest.xml:98:13-47
	android:icon
		ADDED from src\main\AndroidManifest.xml:97:7-54
	android:name
		ADDED from src\main\AndroidManifest.xml:99:7-47
service#net.sourceforge.opencamera.MyTileService
ADDED from src\main\AndroidManifest.xml:108:9-116:19
	android:label
		ADDED from src\main\AndroidManifest.xml:111:13-43
	android:permission
		ADDED from src\main\AndroidManifest.xml:112:13-77
	android:icon
		ADDED from src\main\AndroidManifest.xml:110:13-64
	android:name
		ADDED from src\main\AndroidManifest.xml:109:13-68
intent-filter#android.service.quicksettings.action.QS_TILE
ADDED from src\main\AndroidManifest.xml:113:13-115:29
action#android.service.quicksettings.action.QS_TILE
ADDED from src\main\AndroidManifest.xml:114:17-87
	android:name
		ADDED from src\main\AndroidManifest.xml:114:25-84
service#net.sourceforge.opencamera.MyTileServiceVideo
ADDED from src\main\AndroidManifest.xml:118:9-126:19
	android:label
		ADDED from src\main\AndroidManifest.xml:121:13-49
	android:permission
		ADDED from src\main\AndroidManifest.xml:122:13-77
	android:icon
		ADDED from src\main\AndroidManifest.xml:120:13-60
	android:name
		ADDED from src\main\AndroidManifest.xml:119:13-73
service#net.sourceforge.opencamera.MyTileServiceFrontCamera
ADDED from src\main\AndroidManifest.xml:128:9-136:19
	android:label
		ADDED from src\main\AndroidManifest.xml:131:13-43
	android:permission
		ADDED from src\main\AndroidManifest.xml:132:13-77
	android:icon
		ADDED from src\main\AndroidManifest.xml:130:13-56
	android:name
		ADDED from src\main\AndroidManifest.xml:129:13-79
uses-sdk
INJECTED from src\main\AndroidManifest.xml reason: use-sdk injection requested
MERGED from [com.android.support:design:24.2.0] AndroidManifest.xml:20:5-43
MERGED from [com.android.support:appcompat-v7:24.2.0] AndroidManifest.xml:21:5-23:78
MERGED from [com.android.support:animated-vector-drawable:24.2.0] AndroidManifest.xml:20:5-44
MERGED from [com.android.support:support-vector-drawable:24.2.0] AndroidManifest.xml:21:5-43
MERGED from [com.android.support:recyclerview-v7:24.2.0] AndroidManifest.xml:20:5-43
MERGED from [CherryCam:library:unspecified] AndroidManifest.xml:5:5-7:41
MERGED from [com.android.support:support-v4:24.2.0] AndroidManifest.xml:21:5-23:54
MERGED from [com.android.support:support-fragment:24.2.0] AndroidManifest.xml:21:5-23:60
MERGED from [com.android.support:support-core-utils:24.2.0] AndroidManifest.xml:21:5-23:61
MERGED from [com.android.support:support-media-compat:24.2.0] AndroidManifest.xml:21:5-23:63
MERGED from [com.android.support:support-core-ui:24.2.0] AndroidManifest.xml:21:5-23:58
MERGED from [com.android.support:support-compat:24.2.0] AndroidManifest.xml:21:5-23:58
	tools:overrideLibrary
		ADDED from [com.android.support:appcompat-v7:24.2.0] AndroidManifest.xml:23:9-75
	android:targetSdkVersion
		INJECTED from src\main\AndroidManifest.xml
		INJECTED from src\main\AndroidManifest.xml
	android:minSdkVersion
		INJECTED from src\main\AndroidManifest.xml
		INJECTED from src\main\AndroidManifest.xml